<?xml version="1.0" encoding="UTF-8"?>
<testsuite name="com.epam.jwd.core_final.factory.impl.FlightMissionFactoryTest" tests="1" skipped="0" failures="0" errors="0" timestamp="2021-01-10T08:52:51" hostname="CAMERONDC" time="0.01">
  <properties/>
  <testcase name="create()" classname="com.epam.jwd.core_final.factory.impl.FlightMissionFactoryTest" time="0.01"/>
  <system-out><![CDATA[]]></system-out>
  <system-err><![CDATA[]]></system-err>
</testsuite>
