<?xml version="1.0" encoding="UTF-8"?>
<testsuite name="com.epam.jwd.core_final.service.impl.DefaultCrewServiceTest" tests="3" skipped="0" failures="0" errors="0" timestamp="2021-01-10T08:52:51" hostname="CAMERONDC" time="0.477">
  <properties/>
  <testcase name="findAllCrewMembersTest()" classname="com.epam.jwd.core_final.service.impl.DefaultCrewServiceTest" time="0.465"/>
  <testcase name="findCrewMemberByCriteria_NotFound()" classname="com.epam.jwd.core_final.service.impl.DefaultCrewServiceTest" time="0.005"/>
  <testcase name="findCrewMemberByCriteria()" classname="com.epam.jwd.core_final.service.impl.DefaultCrewServiceTest" time="0.002"/>
  <system-out><![CDATA[]]></system-out>
  <system-err><![CDATA[]]></system-err>
</testsuite>
